2025-01-05 14:33:20,463 [ERROR] Usage: start_noir_recording.py [start|stop]
2025-01-05 14:33:29,845 [INFO] Script called with action: start
2025-01-05 14:33:29,845 [INFO] start_recording() called
2025-01-05 14:33:29,845 [INFO] Ensured directory exists: /var/www/html/motion/2025/01/05
2025-01-05 14:33:29,845 [INFO] Generated output file path: /var/www/html/motion/2025/01/05/noir_14_33_29.mp4
2025-01-05 14:33:29,845 [INFO] FFmpeg command: ffmpeg -y -f v4l2 -framerate 30 -video_size 1920x1080 -i /dev/video1 -c:v h264_v4l2m2m /var/www/html/motion/2025/01/05/noir_14_33_29.mp4
2025-01-05 14:33:29,846 [INFO] FFmpeg started, PID=1940
2025-01-05 14:33:29,846 [INFO] PID file created: /tmp/noir_ffmpeg.pid
2025-01-05 17:06:28,744 [ERROR] Usage: start_noir_recording.py [start|stop]
2025-01-05 17:06:31,026 [INFO] Script called with action: start
2025-01-05 17:06:31,026 [INFO] start_recording() called
2025-01-05 17:06:31,026 [INFO] Ensured directory exists: /var/www/html/motion/2025/01/05
2025-01-05 17:06:31,026 [INFO] Generated output file path: /var/www/html/motion/2025/01/05/noir_17_06_31.mp4
2025-01-05 17:06:31,026 [INFO] libcamera-vid command: libcamera-vid --camera 1 --codec libav --width 1920 --height 1280 -o /var/www/html/motion/2025/01/05/noir_17_06_31.mp4
2025-01-05 17:06:31,026 [INFO] libcamera-vid started, PID=4370
2025-01-05 17:06:31,027 [INFO] PID file created: /tmp/noir_libcamera.pid
2025-01-05 17:07:15,619 [INFO] Script called with action: start
2025-01-05 17:07:15,619 [INFO] start_recording() called
2025-01-05 17:07:15,619 [INFO] Ensured directory exists: /var/www/html/motion/2025/01/05
2025-01-05 17:07:15,619 [INFO] Generated output file path: /var/www/html/motion/2025/01/05/noir_17_07_15.mp4
2025-01-05 17:07:15,619 [INFO] libcamera-vid command: libcamera-vid --camera 1 --codec libav --width 1920 --height 1280 -o /var/www/html/motion/2025/01/05/noir_17_07_15.mp4
2025-01-05 17:07:15,620 [INFO] libcamera-vid started, PID=4409
2025-01-05 17:07:15,620 [INFO] PID file created: /tmp/noir_libcamera.pid
2025-01-05 17:09:53,631 [INFO] Script called with action: start
2025-01-05 17:09:53,631 [INFO] start_recording() called
2025-01-05 17:09:53,631 [INFO] Ensured directory exists: /var/www/html/motion/2025/01/05
2025-01-05 17:09:53,631 [INFO] Generated output file path: /var/www/html/motion/2025/01/05/noir_17_09_53.mp4
2025-01-05 17:09:53,631 [INFO] libcamera-vid command: libcamera-vid --camera 1 --codec libav --width 1920 --height 1080 -t 0 -o /var/www/html/motion/2025/01/05/noir_17_09_53.mp4
2025-01-05 17:09:53,631 [INFO] libcamera-vid started, PID=4516
2025-01-05 17:09:53,632 [INFO] PID file created: /tmp/noir_libcamera.pid
2025-01-05 17:10:07,531 [INFO] Script called with action: start
2025-01-05 17:10:07,531 [INFO] start_recording() called
2025-01-05 17:10:07,531 [INFO] Ensured directory exists: /var/www/html/motion/2025/01/05
2025-01-05 17:10:07,531 [INFO] Generated output file path: /var/www/html/motion/2025/01/05/noir_17_10_07.mp4
2025-01-05 17:10:07,531 [INFO] libcamera-vid command: libcamera-vid --camera 1 --codec libav --width 1920 --height 1080 -t 0 -o /var/www/html/motion/2025/01/05/noir_17_10_07.mp4
2025-01-05 17:10:07,534 [INFO] libcamera-vid started, PID=4588
2025-01-05 17:10:07,534 [INFO] PID file created: /tmp/noir_libcamera.pid
2025-01-05 17:10:12,502 [INFO] Script called with action: stop
2025-01-05 17:10:12,502 [INFO] stop_recording() called, waiting 30 seconds before stopping libcamera-vid
2025-01-05 17:10:42,502 [INFO] Stopping libcamera-vid process with PID=4588
2025-01-05 17:10:42,502 [ERROR] Error stopping libcamera-vid: [Errno 3] No such process
2025-01-05 17:10:42,506 [ERROR] Traceback (most recent call last):
  File "/home/pi/wildlife-motion/./start_noir_recording.py", line 112, in stop_recording
    os.kill(pid, 15)  # SIGTERM
    ^^^^^^^^^^^^^^^^
ProcessLookupError: [Errno 3] No such process

2025-01-05 17:12:49,591 [INFO] Script called with action: start
2025-01-05 17:12:49,591 [INFO] start_recording() called
2025-01-05 17:12:49,591 [INFO] Ensured directory exists: /var/www/html/motion/2025/01/05
2025-01-05 17:12:49,591 [INFO] Generated output file path: /var/www/html/motion/2025/01/05/noir_17_12_49.mp4
2025-01-05 17:12:49,591 [INFO] libcamera-vid command: libcamera-vid --camera 1 --codec libav --width 1920 --height 1080 -t 0 -o /var/www/html/motion/2025/01/05/noir_17_12_49.mp4
2025-01-05 17:12:49,591 [INFO] libcamera-vid started, PID=4688
2025-01-05 17:12:49,592 [INFO] PID file created: /tmp/noir_libcamera.pid
2025-01-05 17:12:59,465 [INFO] Script called with action: stop
2025-01-05 17:12:59,465 [INFO] stop_recording() called, waiting 30 seconds before stopping libcamera-vid
2025-01-05 17:13:29,466 [INFO] Stopping libcamera-vid process with PID=4688
2025-01-05 17:13:29,466 [INFO] libcamera-vid process terminated
2025-01-05 17:13:29,466 [INFO] PID file removed: /tmp/noir_libcamera.pid
2025-01-05 17:14:09,418 [INFO] Script called with action: start
2025-01-05 17:14:09,418 [INFO] start_recording() called
2025-01-05 17:14:09,418 [INFO] Ensured directory exists: /var/www/html/motion/2025/01/05
2025-01-05 17:14:09,418 [INFO] Generated output file path: /var/www/html/motion/2025/01/05/noir_17_14_09.mp4
2025-01-05 17:14:09,418 [INFO] libcamera-vid command: libcamera-vid --camera 1 --codec libav --width 1920 --height 1080 -t 0 -o /var/www/html/motion/2025/01/05/noir_17_14_09.mp4
2025-01-05 17:14:09,419 [INFO] libcamera-vid started, PID=4779
2025-01-05 17:14:09,419 [INFO] PID file created: /tmp/noir_libcamera.pid
2025-01-05 17:14:18,552 [INFO] Script called with action: stop
2025-01-05 17:14:18,552 [INFO] stop_recording() called, waiting 30 seconds before stopping libcamera-vid
2025-01-05 17:14:48,553 [INFO] Stopping libcamera-vid process with PID=4779
2025-01-05 17:14:48,554 [INFO] libcamera-vid process terminated
2025-01-05 17:14:48,554 [INFO] PID file removed: /tmp/noir_libcamera.pid
2025-01-05 17:20:43,625 [INFO] Script called with action: start
2025-01-05 17:20:43,625 [INFO] start_recording() called
2025-01-05 17:20:43,625 [INFO] Ensured directory exists: /var/www/html/motion/2025/01/05
2025-01-05 17:20:43,625 [INFO] Generated output file path: /var/www/html/motion/2025/01/05/noir_17_20_43.mp4
2025-01-05 17:20:43,625 [INFO] libcamera-vid command: libcamera-vid --camera 1 --codec libav --width 1920 --height 1080 -t 0 -o /var/www/html/motion/2025/01/05/noir_17_20_43.mp4
2025-01-05 17:20:43,626 [INFO] libcamera-vid started, PID=5477
2025-01-05 17:20:43,626 [INFO] PID file created: /tmp/noir_libcamera.pid
2025-01-05 17:20:53,928 [INFO] Script called with action: stop
2025-01-05 17:20:53,928 [INFO] stop_recording() called, waiting 30 seconds before stopping libcamera-vid
2025-01-05 17:21:23,930 [INFO] Sending SIGINT to libcamera-vid process with PID=5477
2025-01-05 17:21:26,930 [INFO] Process exited gracefully.
2025-01-05 17:21:26,930 [INFO] PID file removed: /tmp/noir_libcamera.pid
2025-01-05 18:02:27,757 [INFO] Script called with action: start
2025-01-05 18:02:27,757 [INFO] start_recording() called
2025-01-05 18:02:27,757 [INFO] Ensured directory exists: /var/www/html/motion/2025/01/05
2025-01-05 18:02:27,757 [INFO] Generated output file path: /var/www/html/motion/2025/01/05/noir_18_02_27.mp4
2025-01-05 18:02:27,757 [INFO] libcamera-vid command: libcamera-vid --camera 1 --codec libav --width 1920 --height 1080 -t 0 -o /var/www/html/motion/2025/01/05/noir_18_02_27.mp4
2025-01-05 18:02:27,758 [INFO] libcamera-vid started, PID=10209
2025-01-05 18:02:27,758 [INFO] PID file created: /tmp/noir_libcamera.pid
2025-01-05 18:03:36,958 [INFO] Script called with action: stop
2025-01-05 18:03:36,959 [INFO] stop_recording() called, waiting 30 seconds before stopping libcamera-vid
2025-01-05 18:04:06,959 [INFO] Sending SIGINT to libcamera-vid process with PID=10209
2025-01-05 18:04:06,959 [ERROR] Error stopping libcamera-vid: [Errno 3] No such process
2025-01-05 18:04:06,963 [ERROR] Traceback (most recent call last):
  File "/home/pi/wildlife-motion/start_noir_recording.py", line 113, in stop_recording
    os.kill(pid, signal.SIGINT)
ProcessLookupError: [Errno 3] No such process

2025-01-05 18:09:27,335 [INFO] Script called with action: start
2025-01-05 18:09:27,335 [INFO] start_recording() called
2025-01-05 18:09:27,335 [INFO] Ensured directory exists: /var/www/html/motion/2025/01/05
2025-01-05 18:09:27,335 [INFO] Generated output file path: /var/www/html/motion/2025/01/05/noir_18_09_27.mp4
2025-01-05 18:09:27,335 [INFO] libcamera-vid command: libcamera-vid --camera 1 --codec libav --width 1920 --height 1080 -t 0 -o /var/www/html/motion/2025/01/05/noir_18_09_27.mp4
2025-01-05 18:09:27,336 [INFO] libcamera-vid started, PID=10387
2025-01-05 18:09:27,336 [INFO] PID file created: /tmp/noir_libcamera.pid
2025-01-05 18:09:58,152 [INFO] Script called with action: stop
2025-01-05 18:09:58,152 [INFO] stop_recording() called, waiting 30 seconds before stopping libcamera-vid
2025-01-05 18:10:28,153 [INFO] Sending SIGINT to libcamera-vid process with PID=10387
2025-01-05 18:10:28,153 [ERROR] Error stopping libcamera-vid: [Errno 3] No such process
2025-01-05 18:10:28,157 [ERROR] Traceback (most recent call last):
  File "/home/pi/wildlife-motion/start_noir_recording.py", line 113, in stop_recording
    os.kill(pid, signal.SIGINT)
ProcessLookupError: [Errno 3] No such process

2025-01-05 18:13:10,152 [INFO] Script called with action: start
2025-01-05 18:13:10,152 [INFO] start_recording() called
2025-01-05 18:13:10,152 [INFO] Ensured directory exists: /var/www/html/motion/2025/01/05
2025-01-05 18:13:10,152 [INFO] Generated output file path: /var/www/html/motion/2025/01/05/noir_18_13_10.mp4
2025-01-05 18:13:10,152 [INFO] libcamera-vid command: libcamera-vid --camera 1 --codec libav --width 1920 --height 1080 -t 0 -o /var/www/html/motion/2025/01/05/noir_18_13_10.mp4
2025-01-05 18:13:10,152 [INFO] libcamera-vid started, PID=10591
2025-01-05 18:13:10,153 [INFO] PID file created: /tmp/noir_libcamera.pid
2025-01-05 18:14:11,634 [INFO] Script called with action: stop
2025-01-05 18:14:11,634 [INFO] stop_recording() called, waiting 30 seconds before stopping libcamera-vid
2025-01-05 18:14:41,635 [INFO] Sending SIGINT to libcamera-vid process with PID=10591
2025-01-05 18:14:41,635 [ERROR] Error stopping libcamera-vid: [Errno 3] No such process
2025-01-05 18:14:41,639 [ERROR] Traceback (most recent call last):
  File "/home/pi/wildlife-motion/start_noir_recording.py", line 113, in stop_recording
    os.kill(pid, signal.SIGINT)
ProcessLookupError: [Errno 3] No such process

2025-01-05 18:16:45,977 [INFO] Script called with action: start
2025-01-05 18:16:45,978 [INFO] start_recording() called
2025-01-05 18:16:45,978 [INFO] Ensured directory exists: /var/www/html/motion/2025/01/05
2025-01-05 18:16:45,978 [INFO] Generated output file path: /var/www/html/motion/2025/01/05/noir_18_16_45.mp4
2025-01-05 18:16:45,978 [INFO] libcamera-vid command: libcamera-vid --camera 1 --codec libav --width 1920 --height 1080 -t 0 -o /var/www/html/motion/2025/01/05/noir_18_16_45.mp4
2025-01-05 18:16:45,978 [INFO] libcamera-vid started, PID=10902
2025-01-05 18:16:45,978 [INFO] PID file created: /tmp/noir_libcamera.pid
2025-01-05 18:16:52,933 [INFO] Script called with action: stop
2025-01-05 18:16:52,933 [INFO] stop_recording() called, waiting 30 seconds before stopping libcamera-vid
2025-01-05 18:17:15,111 [INFO] Script called with action: start
2025-01-05 18:17:15,111 [INFO] start_recording() called
2025-01-05 18:17:15,111 [INFO] Ensured directory exists: /var/www/html/motion/2025/01/05
2025-01-05 18:17:15,111 [INFO] Generated output file path: /var/www/html/motion/2025/01/05/noir_18_17_15.mp4
2025-01-05 18:17:15,111 [INFO] libcamera-vid command: libcamera-vid --camera 1 --codec libav --width 1920 --height 1080 -t 0 -o /var/www/html/motion/2025/01/05/noir_18_17_15.mp4
2025-01-05 18:17:15,112 [INFO] libcamera-vid started, PID=10988
2025-01-05 18:17:15,112 [INFO] PID file created: /tmp/noir_libcamera.pid
2025-01-05 18:17:22,934 [INFO] Sending SIGINT to libcamera-vid process with PID=10988
2025-01-05 18:17:22,934 [ERROR] Error stopping libcamera-vid: [Errno 3] No such process
2025-01-05 18:17:22,938 [ERROR] Traceback (most recent call last):
  File "/home/pi/wildlife-motion/start_noir_recording.py", line 113, in stop_recording
    os.kill(pid, signal.SIGINT)
ProcessLookupError: [Errno 3] No such process

2025-01-05 18:18:03,383 [INFO] Script called with action: start
2025-01-05 18:18:03,383 [INFO] start_recording() called
2025-01-05 18:18:03,383 [INFO] Ensured directory exists: /var/www/html/motion/2025/01/05
2025-01-05 18:18:03,383 [INFO] Generated output file path: /var/www/html/motion/2025/01/05/noir_18_18_03.mp4
2025-01-05 18:18:03,383 [INFO] libcamera-vid command: libcamera-vid --camera 1 --codec libav --width 1920 --height 1080 -t 0 -o /var/www/html/motion/2025/01/05/noir_18_18_03.mp4
2025-01-05 18:18:03,384 [INFO] libcamera-vid started, PID=11024
2025-01-05 18:18:03,384 [INFO] PID file created: /tmp/noir_libcamera.pid
2025-01-05 18:18:12,932 [INFO] Script called with action: stop
2025-01-05 18:18:12,932 [INFO] stop_recording() called, waiting 30 seconds before stopping libcamera-vid
2025-01-05 18:18:42,932 [INFO] Sending SIGINT to libcamera-vid process with PID=11024
2025-01-05 18:18:45,933 [INFO] Process exited gracefully.
2025-01-05 18:18:45,933 [INFO] PID file removed: /tmp/noir_libcamera.pid
